<?xml version="1.0" encoding="UTF-8"?>
<!-- Generated by org.testng.reporters.JUnitXMLReporter -->
<testsuite ignored="0" hostname="LAPTOP-QLPEOAFB" failures="1" tests="3" name="Test" time="5.551" errors="0" timestamp="2023-01-27T16:41:13 IST">
  <testcase classname="tests.BLoginTest" name="login" time="4.639"/>
  <testcase classname="tests.BLoginTest" name="printTitle" time="0.019"/>
  <testcase classname="tests.BLoginTest" name="verifyTitle" time="0.06">
    <failure type="java.lang.AssertionError" message="Page title does not matched expected [false] but found [true]">
      <![CDATA[java.lang.AssertionError: Page title does not matched expected [false] but found [true]
at tests.BLoginTest.verifyTitle(BLoginTest.java:31)
at java.base/java.util.ArrayList.forEach(ArrayList.java:1511)
... Removed 34 stack frames]]>
    </failure>
  </testcase> <!-- verifyTitle -->
</testsuite> <!-- Test -->
